<?xml version="1.0" encoding="UTF-8"?>
<testsuite name="com.course.pracicaljava.PracticalJavaApplicationTests" tests="1" skipped="0" failures="0" errors="0" timestamp="2022-02-17T14:04:08" hostname="APAUNOVIC" time="0.537">
  <properties/>
  <testcase name="contextLoads()" classname="com.course.pracicaljava.PracticalJavaApplicationTests" time="0.537"/>
  <system-out><![CDATA[15:04:04.080 [Test worker] DEBUG org.springframework.test.context.BootstrapUtils - Instantiating CacheAwareContextLoaderDelegate from class [org.springframework.test.context.cache.DefaultCacheAwareContextLoaderDelegate]
15:04:04.103 [Test worker] DEBUG org.springframework.test.context.BootstrapUtils - Instantiating BootstrapContext using constructor [public org.springframework.test.context.support.DefaultBootstrapContext(java.lang.Class,org.springframework.test.context.CacheAwareContextLoaderDelegate)]
15:04:04.170 [Test worker] DEBUG org.springframework.test.context.BootstrapUtils - Instantiating TestContextBootstrapper for test class [com.course.pracicaljava.PracticalJavaApplicationTests] from class [org.springframework.boot.test.context.SpringBootTestContextBootstrapper]
15:04:04.190 [Test worker] INFO org.springframework.boot.test.context.SpringBootTestContextBootstrapper - Neither @ContextConfiguration nor @ContextHierarchy found for test class [com.course.pracicaljava.PracticalJavaApplicationTests], using SpringBootContextLoader
15:04:04.200 [Test worker] DEBUG org.springframework.test.context.support.AbstractContextLoader - Did not detect default resource location for test class [com.course.pracicaljava.PracticalJavaApplicationTests]: class path resource [com/course/pracicaljava/PracticalJavaApplicationTests-context.xml] does not exist
15:04:04.202 [Test worker] DEBUG org.springframework.test.context.support.AbstractContextLoader - Did not detect default resource location for test class [com.course.pracicaljava.PracticalJavaApplicationTests]: class path resource [com/course/pracicaljava/PracticalJavaApplicationTestsContext.groovy] does not exist
15:04:04.203 [Test worker] INFO org.springframework.test.context.support.AbstractContextLoader - Could not detect default resource locations for test class [com.course.pracicaljava.PracticalJavaApplicationTests]: no resource found for suffixes {-context.xml, Context.groovy}.
15:04:04.205 [Test worker] INFO org.springframework.test.context.support.AnnotationConfigContextLoaderUtils - Could not detect default configuration classes for test class [com.course.pracicaljava.PracticalJavaApplicationTests]: PracticalJavaApplicationTests does not declare any static, non-private, non-final, nested classes annotated with @Configuration.
15:04:04.293 [Test worker] DEBUG org.springframework.test.context.support.ActiveProfilesUtils - Could not find an 'annotation declaring class' for annotation type [org.springframework.test.context.ActiveProfiles] and class [com.course.pracicaljava.PracticalJavaApplicationTests]
15:04:04.400 [Test worker] DEBUG org.springframework.context.annotation.ClassPathScanningCandidateComponentProvider - Identified candidate component class: file [C:\Users\andjela.paunovic\IdeaProjects\practical-java\build\classes\java\main\com\course\pracicaljava\PracticalJavaApplication.class]
15:04:04.403 [Test worker] INFO org.springframework.boot.test.context.SpringBootTestContextBootstrapper - Found @SpringBootConfiguration com.course.pracicaljava.PracticalJavaApplication for test class com.course.pracicaljava.PracticalJavaApplicationTests
15:04:04.613 [Test worker] DEBUG org.springframework.boot.test.context.SpringBootTestContextBootstrapper - @TestExecutionListeners is not present for class [com.course.pracicaljava.PracticalJavaApplicationTests]: using defaults.
15:04:04.615 [Test worker] INFO org.springframework.boot.test.context.SpringBootTestContextBootstrapper - Loaded default TestExecutionListener class names from location [META-INF/spring.factories]: [org.springframework.boot.test.autoconfigure.restdocs.RestDocsTestExecutionListener, org.springframework.boot.test.autoconfigure.web.client.MockRestServiceServerResetTestExecutionListener, org.springframework.boot.test.autoconfigure.web.servlet.MockMvcPrintOnlyOnFailureTestExecutionListener, org.springframework.boot.test.autoconfigure.web.servlet.WebDriverTestExecutionListener, org.springframework.boot.test.autoconfigure.webservices.client.MockWebServiceServerTestExecutionListener, org.springframework.boot.test.mock.mockito.MockitoTestExecutionListener, org.springframework.boot.test.mock.mockito.ResetMocksTestExecutionListener, org.springframework.test.context.web.ServletTestExecutionListener, org.springframework.test.context.support.DirtiesContextBeforeModesTestExecutionListener, org.springframework.test.context.event.ApplicationEventsTestExecutionListener, org.springframework.test.context.support.DependencyInjectionTestExecutionListener, org.springframework.test.context.support.DirtiesContextTestExecutionListener, org.springframework.test.context.transaction.TransactionalTestExecutionListener, org.springframework.test.context.jdbc.SqlScriptsTestExecutionListener, org.springframework.test.context.event.EventPublishingTestExecutionListener]
15:04:04.633 [Test worker] DEBUG org.springframework.boot.test.context.SpringBootTestContextBootstrapper - Skipping candidate TestExecutionListener [org.springframework.test.context.web.ServletTestExecutionListener] due to a missing dependency. Specify custom listener classes or make the default listener classes and their required dependencies available. Offending class: [javax/servlet/ServletContext]
15:04:04.636 [Test worker] DEBUG org.springframework.boot.test.context.SpringBootTestContextBootstrapper - Skipping candidate TestExecutionListener [org.springframework.test.context.transaction.TransactionalTestExecutionListener] due to a missing dependency. Specify custom listener classes or make the default listener classes and their required dependencies available. Offending class: [org/springframework/transaction/interceptor/TransactionAttributeSource]
15:04:04.638 [Test worker] DEBUG org.springframework.boot.test.context.SpringBootTestContextBootstrapper - Skipping candidate TestExecutionListener [org.springframework.test.context.jdbc.SqlScriptsTestExecutionListener] due to a missing dependency. Specify custom listener classes or make the default listener classes and their required dependencies available. Offending class: [org/springframework/transaction/interceptor/TransactionAttribute]
15:04:04.638 [Test worker] INFO org.springframework.boot.test.context.SpringBootTestContextBootstrapper - Using TestExecutionListeners: [org.springframework.test.context.support.DirtiesContextBeforeModesTestExecutionListener@3aacf32a, org.springframework.test.context.event.ApplicationEventsTestExecutionListener@4fdfa676, org.springframework.boot.test.mock.mockito.MockitoTestExecutionListener@82c57b3, org.springframework.boot.test.autoconfigure.SpringBootDependencyInjectionTestExecutionListener@5be82d43, org.springframework.test.context.support.DirtiesContextTestExecutionListener@600b0b7, org.springframework.test.context.event.EventPublishingTestExecutionListener@345e5a17, org.springframework.boot.test.autoconfigure.restdocs.RestDocsTestExecutionListener@5ea502e0, org.springframework.boot.test.autoconfigure.web.client.MockRestServiceServerResetTestExecutionListener@443dbe42, org.springframework.boot.test.autoconfigure.web.servlet.MockMvcPrintOnlyOnFailureTestExecutionListener@473b3b7a, org.springframework.boot.test.autoconfigure.web.servlet.WebDriverTestExecutionListener@1734f68, org.springframework.boot.test.autoconfigure.webservices.client.MockWebServiceServerTestExecutionListener@77b7ffa4, org.springframework.boot.test.mock.mockito.ResetMocksTestExecutionListener@5ed190be]
15:04:04.646 [Test worker] DEBUG org.springframework.test.context.support.AbstractDirtiesContextTestExecutionListener - Before test class: context [DefaultTestContext@70eecdc2 testClass = PracticalJavaApplicationTests, testInstance = [null], testMethod = [null], testException = [null], mergedContextConfiguration = [ReactiveWebMergedContextConfiguration@c41709a testClass = PracticalJavaApplicationTests, locations = '{}', classes = '{class com.course.pracicaljava.PracticalJavaApplication}', contextInitializerClasses = '[]', activeProfiles = '{}', propertySourceLocations = '{}', propertySourceProperties = '{org.springframework.boot.test.context.SpringBootTestContextBootstrapper=true}', contextCustomizers = set[org.springframework.boot.test.autoconfigure.actuate.metrics.MetricsExportContextCustomizerFactory$DisableMetricExportContextCustomizer@6f0b0a5e, org.springframework.boot.test.autoconfigure.properties.PropertyMappingContextCustomizer@0, org.springframework.boot.test.autoconfigure.web.servlet.WebDriverContextCustomizerFactory$Customizer@40cb698e, org.springframework.boot.test.context.filter.ExcludeFilterContextCustomizer@4a891c97, org.springframework.boot.test.json.DuplicateJsonObjectContextCustomizerFactory$DuplicateJsonObjectContextCustomizer@75390459, org.springframework.boot.test.mock.mockito.MockitoContextCustomizer@0, org.springframework.boot.test.web.client.TestRestTemplateContextCustomizer@2262b621, org.springframework.boot.test.web.reactive.server.WebTestClientContextCustomizer@10c626be, org.springframework.boot.test.context.SpringBootTestArgs@1, org.springframework.boot.test.context.SpringBootTestWebEnvironment@1169afe1], contextLoader = 'org.springframework.boot.test.context.SpringBootContextLoader', parent = [null]], attributes = map[[empty]]], class annotated with @DirtiesContext [false] with mode [null].
15:04:04.665 [Test worker] DEBUG org.springframework.test.context.support.DependencyInjectionTestExecutionListener - Performing dependency injection for test context [[DefaultTestContext@70eecdc2 testClass = PracticalJavaApplicationTests, testInstance = com.course.pracicaljava.PracticalJavaApplicationTests@c074c0c, testMethod = [null], testException = [null], mergedContextConfiguration = [ReactiveWebMergedContextConfiguration@c41709a testClass = PracticalJavaApplicationTests, locations = '{}', classes = '{class com.course.pracicaljava.PracticalJavaApplication}', contextInitializerClasses = '[]', activeProfiles = '{}', propertySourceLocations = '{}', propertySourceProperties = '{org.springframework.boot.test.context.SpringBootTestContextBootstrapper=true}', contextCustomizers = set[org.springframework.boot.test.autoconfigure.actuate.metrics.MetricsExportContextCustomizerFactory$DisableMetricExportContextCustomizer@6f0b0a5e, org.springframework.boot.test.autoconfigure.properties.PropertyMappingContextCustomizer@0, org.springframework.boot.test.autoconfigure.web.servlet.WebDriverContextCustomizerFactory$Customizer@40cb698e, org.springframework.boot.test.context.filter.ExcludeFilterContextCustomizer@4a891c97, org.springframework.boot.test.json.DuplicateJsonObjectContextCustomizerFactory$DuplicateJsonObjectContextCustomizer@75390459, org.springframework.boot.test.mock.mockito.MockitoContextCustomizer@0, org.springframework.boot.test.web.client.TestRestTemplateContextCustomizer@2262b621, org.springframework.boot.test.web.reactive.server.WebTestClientContextCustomizer@10c626be, org.springframework.boot.test.context.SpringBootTestArgs@1, org.springframework.boot.test.context.SpringBootTestWebEnvironment@1169afe1], contextLoader = 'org.springframework.boot.test.context.SpringBootContextLoader', parent = [null]], attributes = map['org.springframework.test.context.event.ApplicationEventsTestExecutionListener.recordApplicationEvents' -> false]]].
[Practical Java] 15:04:05.471  INFO --- c.c.p.PracticalJavaApplicationTests      : Starting PracticalJavaApplicationTests using Java 11.0.13 on APAUNOVIC with PID 18176 (started by andjela.paunovic in C:\Users\andjela.paunovic\IdeaProjects\practical-java)
[Practical Java] 15:04:05.475  INFO --- c.c.p.PracticalJavaApplicationTests      : No active profile set, falling back to default profiles: default
[Practical Java] 15:04:08.444  INFO --- c.c.p.PracticalJavaApplicationTests      : Started PracticalJavaApplicationTests in 3.7 seconds (JVM running for 7.045)
]]></system-out>
  <system-err><![CDATA[]]></system-err>
</testsuite>
